2025-04-02T02:40:39.663Z - info: Initialization success.
2025-04-02T02:40:44.892Z - info: Website generation started at 10:40:44 AM
2025-04-02T02:40:44.907Z - info: Building assets...
2025-04-02T02:40:44.922Z - info: Assets built
2025-04-02T02:40:44.922Z - info: Generating pages...
2025-04-02T02:40:47.184Z - debug: java.io.IOException: Cannot run program "/opt/local/bin/dot": error=2, No such file or directory
	at java.base/java.lang.ProcessBuilder.start(ProcessBuilder.java:1143)
	at java.base/java.lang.ProcessBuilder.start(ProcessBuilder.java:1073)
	at java.base/java.lang.Runtime.exec(Runtime.java:594)
	at net.sourceforge.plantuml.dot.ProcessRunner$MainThread.startThreads(ProcessRunner.java:165)
	at net.sourceforge.plantuml.dot.ProcessRunner$MainThread.runJob(ProcessRunner.java:125)
	at net.sourceforge.plantuml.api.TimeoutExecutor$MyThread.run(TimeoutExecutor.java:81)
Caused by: java.io.IOException: error=2, No such file or directory
	at java.base/java.lang.ProcessImpl.forkAndExec(Native Method)
	at java.base/java.lang.ProcessImpl.<init>(ProcessImpl.java:314)
	at java.base/java.lang.ProcessImpl.start(ProcessImpl.java:244)
	at java.base/java.lang.ProcessBuilder.start(ProcessBuilder.java:1110)
	... 5 more
java.io.IOException: Cannot run program "/opt/local/bin/dot": error=2, No such file or directory
	at java.base/java.lang.ProcessBuilder.start(ProcessBuilder.java:1143)
	at java.base/java.lang.ProcessBuilder.start(ProcessBuilder.java:1073)
	at java.base/java.lang.Runtime.exec(Runtime.java:594)
	at net.sourceforge.plantuml.dot.ProcessRunner$MainThread.startThreads(ProcessRunner.java:165)
	at net.sourceforge.plantuml.dot.ProcessRunner$MainThread.runJob(ProcessRunner.java:125)
	at net.sourceforge.plantuml.api.TimeoutExecutor$MyThread.run(TimeoutExecutor.java:81)
Caused by: java.io.IOException: error=2, No such file or directory
	at java.base/java.lang.ProcessImpl.forkAndExec(Native Method)
	at java.base/java.lang.ProcessImpl.<init>(ProcessImpl.java:314)
	at java.base/java.lang.ProcessImpl.start(ProcessImpl.java:244)
	at java.base/java.lang.ProcessBuilder.start(ProcessBuilder.java:1110)
	... 5 more

2025-04-02T02:40:47.391Z - warn: You might have an invalid hash for intra-link! Ignore this warning if it was intended.'
  /developerGuide/Design.html#Architecture' found in file '/Users/adityamisra/Desktop/Study/bug_analysis_FE/documentation/developerGuide/SettingUp.md'
2025-04-02T02:40:47.391Z - info: Pages built
2025-04-02T02:40:47.477Z - info: Site data built
2025-04-02T02:40:47.478Z - info: Website generation complete! Total build time: 2.626s
2025-04-02T02:40:47.484Z - info: Serving "/Users/adityamisra/Desktop/Study/bug_analysis_FE/documentation/_site" at http://127.0.0.1:8080
2025-04-02T02:40:47.484Z - info: Press CTRL+C to stop ...
2025-04-02T03:22:21.472Z - info: Website generation started at 11:22:21 AM
2025-04-02T03:22:21.485Z - info: Building assets...
2025-04-02T03:22:21.490Z - info: Assets built
2025-04-02T03:22:21.490Z - info: Generating pages...
2025-04-02T03:22:23.675Z - debug: java.io.IOException: Cannot run program "/opt/local/bin/dot": error=2, No such file or directory
	at java.base/java.lang.ProcessBuilder.start(ProcessBuilder.java:1143)
	at java.base/java.lang.ProcessBuilder.start(ProcessBuilder.java:1073)
	at java.base/java.lang.Runtime.exec(Runtime.java:594)
	at net.sourceforge.plantuml.dot.ProcessRunner$MainThread.startThreads(ProcessRunner.java:165)
	at net.sourceforge.plantuml.dot.ProcessRunner$MainThread.runJob(ProcessRunner.java:125)
	at net.sourceforge.plantuml.api.TimeoutExecutor$MyThread.run(TimeoutExecutor.java:81)
Caused by: java.io.IOException: error=2, No such file or directory
	at java.base/java.lang.ProcessImpl.forkAndExec(Native Method)
	at java.base/java.lang.ProcessImpl.<init>(ProcessImpl.java:314)
	at java.base/java.lang.ProcessImpl.start(ProcessImpl.java:244)
	at java.base/java.lang.ProcessBuilder.start(ProcessBuilder.java:1110)
	... 5 more
java.io.IOException: Cannot run program "/opt/local/bin/dot": error=2, No such file or directory
	at java.base/java.lang.ProcessBuilder.start(ProcessBuilder.java:1143)
	at java.base/java.lang.ProcessBuilder.start(ProcessBuilder.java:1073)
	at java.base/java.lang.Runtime.exec(Runtime.java:594)
	at net.sourceforge.plantuml.dot.ProcessRunner$MainThread.startThreads(ProcessRunner.java:165)
	at net.sourceforge.plantuml.dot.ProcessRunner$MainThread.runJob(ProcessRunner.java:125)
	at net.sourceforge.plantuml.api.TimeoutExecutor$MyThread.run(TimeoutExecutor.java:81)
Caused by: java.io.IOException: error=2, No such file or directory
	at java.base/java.lang.ProcessImpl.forkAndExec(Native Method)
	at java.base/java.lang.ProcessImpl.<init>(ProcessImpl.java:314)
	at java.base/java.lang.ProcessImpl.start(ProcessImpl.java:244)
	at java.base/java.lang.ProcessBuilder.start(ProcessBuilder.java:1110)
	... 5 more

2025-04-02T03:22:23.852Z - warn: You might have an invalid hash for intra-link! Ignore this warning if it was intended.'
  /developerGuide/Design.html#Architecture' found in file '/Users/adityamisra/Desktop/Study/bug_analysis_FE/documentation/developerGuide/SettingUp.md'
2025-04-02T03:22:23.852Z - info: Pages built
2025-04-02T03:22:23.932Z - info: Site data built
2025-04-02T03:22:23.933Z - info: Website generation complete! Total build time: 2.514s
2025-04-02T03:22:23.938Z - info: Serving "/Users/adityamisra/Desktop/Study/bug_analysis_FE/documentation/_site" at http://127.0.0.1:8080
2025-04-02T03:22:23.939Z - info: Press CTRL+C to stop ...
