2025-04-04T10:51:17.558Z - info: Website generation started at 6:51:17 PM
2025-04-04T10:51:17.571Z - info: Building assets...
2025-04-04T10:51:17.576Z - info: Assets built
2025-04-04T10:51:17.577Z - info: Generating pages...
2025-04-04T10:51:19.833Z - debug: 2025-04-04 18:51:18.315 java[4291:13724438] +[IMKClient subclass]: chose IMKClient_Modern
2025-04-04 18:51:18.315 java[4291:13724438] +[IMKInputSession subclass]: chose IMKInputSession_Modern
java.io.IOException: Cannot run program "/opt/local/bin/dot": error=2, No such file or directory
	at java.base/java.lang.ProcessBuilder.start(ProcessBuilder.java:1143)
	at java.base/java.lang.ProcessBuilder.start(ProcessBuilder.java:1073)
	at java.base/java.lang.Runtime.exec(Runtime.java:594)
	at net.sourceforge.plantuml.dot.ProcessRunner$MainThread.startThreads(ProcessRunner.java:165)
	at net.sourceforge.plantuml.dot.ProcessRunner$MainThread.runJob(ProcessRunner.java:125)
	at net.sourceforge.plantuml.api.TimeoutExecutor$MyThread.run(TimeoutExecutor.java:81)
Caused by: java.io.IOException: error=2, No such file or directory
	at java.base/java.lang.ProcessImpl.forkAndExec(Native Method)
	at java.base/java.lang.ProcessImpl.<init>(ProcessImpl.java:314)
	at java.base/java.lang.ProcessImpl.start(ProcessImpl.java:244)
	at java.base/java.lang.ProcessBuilder.start(ProcessBuilder.java:1110)
	... 5 more
java.io.IOException: Cannot run program "/opt/local/bin/dot": error=2, No such file or directory
	at java.base/java.lang.ProcessBuilder.start(ProcessBuilder.java:1143)
	at java.base/java.lang.ProcessBuilder.start(ProcessBuilder.java:1073)
	at java.base/java.lang.Runtime.exec(Runtime.java:594)
	at net.sourceforge.plantuml.dot.ProcessRunner$MainThread.startThreads(ProcessRunner.java:165)
	at net.sourceforge.plantuml.dot.ProcessRunner$MainThread.runJob(ProcessRunner.java:125)
	at net.sourceforge.plantuml.api.TimeoutExecutor$MyThread.run(TimeoutExecutor.java:81)
Caused by: java.io.IOException: error=2, No such file or directory
	at java.base/java.lang.ProcessImpl.forkAndExec(Native Method)
	at java.base/java.lang.ProcessImpl.<init>(ProcessImpl.java:314)
	at java.base/java.lang.ProcessImpl.start(ProcessImpl.java:244)
	at java.base/java.lang.ProcessBuilder.start(ProcessBuilder.java:1110)
	... 5 more

2025-04-04T10:51:20.056Z - warn: You might have an invalid hash for intra-link! Ignore this warning if it was intended.'
  /developerGuide/Design.html#Architecture' found in file '/Users/adityamisra/Desktop/Study/bug_analysis_FE/documentation/developerGuide/SettingUp.md'
2025-04-04T10:51:20.056Z - info: Pages built
2025-04-04T10:51:20.139Z - info: Site data built
2025-04-04T10:51:20.139Z - info: Website generation complete! Total build time: 2.634s
2025-04-04T10:51:20.146Z - info: Serving "/Users/adityamisra/Desktop/Study/bug_analysis_FE/documentation/_site" at http://127.0.0.1:8080
2025-04-04T10:51:20.146Z - info: Press CTRL+C to stop ...
2025-04-04T10:52:05.576Z - info: [6:52:05 PM] Reload for file change: /Users/adityamisra/Desktop/Study/bug_analysis_FE/documentation/index.md
2025-04-04T10:52:06.602Z - info: Rebuilding 1 pages
2025-04-04T10:52:06.646Z - info: Site data built
2025-04-04T10:52:06.646Z - info: Pages rebuilt
2025-04-04T10:52:06.646Z - info: Website regeneration complete! Total build time: 0.061s
2025-04-04T10:52:21.259Z - info: [6:52:21 PM] Reload for file change: /Users/adityamisra/Desktop/Study/bug_analysis_FE/documentation/site.json
2025-04-04T10:52:22.280Z - info: Pages or site config modified, updating pages...
2025-04-04T10:52:23.285Z - warn: Rebuilding all pages...
2025-04-04T10:52:23.285Z - info: Generating pages...
2025-04-04T10:52:23.447Z - warn: You might have an invalid hash for intra-link! Ignore this warning if it was intended.'
  /developerGuide/Design.html#Architecture' found in file '/Users/adityamisra/Desktop/Study/bug_analysis_FE/documentation/developerGuide/SettingUp.md'
2025-04-04T10:52:23.447Z - info: Pages built
2025-04-04T10:52:23.447Z - info: Site data built
2025-04-04T10:54:04.545Z - info: [6:54:04 PM] Reload for file change: /Users/adityamisra/Desktop/Study/bug_analysis_FE/documentation/index.md
2025-04-04T10:54:05.567Z - info: Rebuilding 1 pages
2025-04-04T10:54:05.603Z - info: Site data built
2025-04-04T10:54:05.603Z - info: Pages rebuilt
2025-04-04T10:54:05.603Z - info: Website regeneration complete! Total build time: 0.051s
2025-04-04T10:56:09.601Z - info: [6:56:09 PM] Reload for file change: /Users/adityamisra/Desktop/Study/bug_analysis_FE/documentation/index.md
2025-04-04T10:56:10.617Z - info: Rebuilding 1 pages
2025-04-04T10:56:10.640Z - error: 'page' layout does not exist
2025-04-04T10:56:10.648Z - info: Site data built
2025-04-04T10:56:10.648Z - info: Pages rebuilt
2025-04-04T10:56:10.648Z - info: Website regeneration complete! Total build time: 0.042s
2025-04-04T10:56:31.390Z - info: [6:56:31 PM] Reload for file change: /Users/adityamisra/Desktop/Study/bug_analysis_FE/documentation/index.md
2025-04-04T10:56:32.394Z - info: Rebuilding 1 pages
2025-04-04T10:56:32.412Z - info: Site data built
2025-04-04T10:56:32.412Z - info: Pages rebuilt
2025-04-04T10:56:32.413Z - info: Website regeneration complete! Total build time: 0.019s
2025-04-04T10:57:21.847Z - info: [6:57:21 PM] Reload for file add: /Users/adityamisra/Desktop/Study/bug_analysis_FE/documentation/images/Screenshot 2025-04-04 at 6.57.14 PM.png
2025-04-04T10:57:22.859Z - info: Assets built
2025-04-04T10:57:26.497Z - info: [6:57:26 PM] Reload for file deletion: /Users/adityamisra/Desktop/Study/bug_analysis_FE/documentation/images/Screenshot 2025-04-04 at 6.57.14 PM.png
2025-04-04T10:57:26.497Z - info: [6:57:26 PM] Reload for file add: /Users/adityamisra/Desktop/Study/bug_analysis_FE/documentation/images/home.png
2025-04-04T10:57:27.504Z - debug: Assets removed
2025-04-04T10:57:27.508Z - info: Assets built
2025-04-04T10:57:34.009Z - info: [6:57:34 PM] Reload for file change: /Users/adityamisra/Desktop/Study/bug_analysis_FE/documentation/index.md
2025-04-04T10:57:35.013Z - info: Rebuilding 1 pages
2025-04-04T10:57:35.042Z - info: Site data built
2025-04-04T10:57:35.042Z - info: Pages rebuilt
2025-04-04T10:57:35.042Z - info: Website regeneration complete! Total build time: 0.031s
2025-04-04T10:57:54.589Z - info: [6:57:54 PM] Reload for file change: /Users/adityamisra/Desktop/Study/bug_analysis_FE/documentation/index.md
2025-04-04T10:57:55.598Z - info: Rebuilding 1 pages
2025-04-04T10:57:55.623Z - info: Site data built
2025-04-04T10:57:55.623Z - info: Pages rebuilt
2025-04-04T10:57:55.623Z - info: Website regeneration complete! Total build time: 0.028s
2025-04-04T10:58:08.072Z - info: [6:58:08 PM] Reload for file change: /Users/adityamisra/Desktop/Study/bug_analysis_FE/documentation/index.md
2025-04-04T10:58:09.077Z - info: Rebuilding 1 pages
2025-04-04T10:58:09.095Z - info: Site data built
2025-04-04T10:58:09.095Z - info: Pages rebuilt
2025-04-04T10:58:09.095Z - info: Website regeneration complete! Total build time: 0.021s
2025-04-04T10:58:18.580Z - info: [6:58:18 PM] Reload for file change: /Users/adityamisra/Desktop/Study/bug_analysis_FE/documentation/index.md
2025-04-04T10:58:19.586Z - info: Rebuilding 1 pages
2025-04-04T10:58:19.616Z - info: Site data built
2025-04-04T10:58:19.616Z - info: Pages rebuilt
2025-04-04T10:58:19.616Z - info: Website regeneration complete! Total build time: 0.032s
2025-04-04T10:58:27.045Z - info: [6:58:27 PM] Reload for file change: /Users/adityamisra/Desktop/Study/bug_analysis_FE/documentation/index.md
2025-04-04T10:58:28.048Z - info: Rebuilding 1 pages
2025-04-04T10:58:28.068Z - info: Site data built
2025-04-04T10:58:28.068Z - info: Pages rebuilt
2025-04-04T10:58:28.068Z - info: Website regeneration complete! Total build time: 0.021s
2025-04-04T10:58:42.484Z - info: [6:58:42 PM] Reload for file change: /Users/adityamisra/Desktop/Study/bug_analysis_FE/documentation/index.md
2025-04-04T10:58:43.487Z - info: Rebuilding 1 pages
2025-04-04T10:58:43.505Z - info: Site data built
2025-04-04T10:58:43.505Z - info: Pages rebuilt
2025-04-04T10:58:43.505Z - info: Website regeneration complete! Total build time: 0.019s
2025-04-04T10:58:55.827Z - info: [6:58:55 PM] Reload for file change: /Users/adityamisra/Desktop/Study/bug_analysis_FE/documentation/index.md
2025-04-04T10:58:56.829Z - info: Rebuilding 1 pages
2025-04-04T10:58:56.844Z - info: Site data built
2025-04-04T10:58:56.844Z - info: Pages rebuilt
2025-04-04T10:58:56.844Z - info: Website regeneration complete! Total build time: 0.016s
2025-04-04T10:59:01.453Z - info: [6:59:01 PM] Reload for file change: /Users/adityamisra/Desktop/Study/bug_analysis_FE/documentation/index.md
2025-04-04T10:59:02.456Z - info: Rebuilding 1 pages
2025-04-04T10:59:02.477Z - info: Site data built
2025-04-04T10:59:02.477Z - info: Pages rebuilt
2025-04-04T10:59:02.477Z - info: Website regeneration complete! Total build time: 0.022s
2025-04-04T11:01:30.039Z - info: [7:01:30 PM] Reload for file change: /Users/adityamisra/Desktop/Study/bug_analysis_FE/documentation/team/johndoe.md
2025-04-04T11:01:31.053Z - info: Rebuilding 1 pages
2025-04-04T11:01:31.072Z - info: Site data built
2025-04-04T11:01:31.072Z - info: Pages rebuilt
2025-04-04T11:01:31.072Z - info: Website regeneration complete! Total build time: 0.028s
2025-04-04T11:01:35.160Z - info: [7:01:35 PM] Reload for file change: /Users/adityamisra/Desktop/Study/bug_analysis_FE/documentation/index.md
2025-04-04T11:01:35.251Z - info: [7:01:35 PM] Reload for file change: /Users/adityamisra/Desktop/Study/bug_analysis_FE/documentation/team/johndoe.md
2025-04-04T11:01:35.251Z - info: [7:01:35 PM] Reload for file change: /Users/adityamisra/Desktop/Study/bug_analysis_FE/documentation/index.md
2025-04-04T11:01:35.253Z - info: [7:01:35 PM] Reload for file change: /Users/adityamisra/Desktop/Study/bug_analysis_FE/documentation/developerGuide/Requirements.md
2025-04-04T11:01:35.253Z - info: [7:01:35 PM] Reload for file change: /Users/adityamisra/Desktop/Study/bug_analysis_FE/documentation/developerGuide/Design.md
2025-04-04T11:01:35.253Z - info: [7:01:35 PM] Reload for file change: /Users/adityamisra/Desktop/Study/bug_analysis_FE/documentation/developerGuide/DeveloperGuide.md
2025-04-04T11:01:35.253Z - info: [7:01:35 PM] Reload for file change: /Users/adityamisra/Desktop/Study/bug_analysis_FE/documentation/userGuide/UserGuide.md
2025-04-04T11:01:35.253Z - info: [7:01:35 PM] Reload for file change: /Users/adityamisra/Desktop/Study/bug_analysis_FE/documentation/developerGuide/SettingUp.md
2025-04-04T11:01:35.253Z - info: [7:01:35 PM] Reload for file change: /Users/adityamisra/Desktop/Study/bug_analysis_FE/documentation/_markbind/layouts/default.md
2025-04-04T11:01:35.371Z - info: [7:01:35 PM] Reload for file change: /Users/adityamisra/Desktop/Study/bug_analysis_FE/documentation/developerGuide/DeveloperGuide.md
2025-04-04T11:01:35.371Z - info: [7:01:35 PM] Reload for file change: /Users/adityamisra/Desktop/Study/bug_analysis_FE/documentation/developerGuide/Design.md
2025-04-04T11:01:35.371Z - info: [7:01:35 PM] Reload for file change: /Users/adityamisra/Desktop/Study/bug_analysis_FE/documentation/userGuide/UserGuide.md
2025-04-04T11:01:35.371Z - info: [7:01:35 PM] Reload for file change: /Users/adityamisra/Desktop/Study/bug_analysis_FE/documentation/developerGuide/SettingUp.md
2025-04-04T11:01:35.371Z - info: [7:01:35 PM] Reload for file change: /Users/adityamisra/Desktop/Study/bug_analysis_FE/documentation/team/johndoe.md
2025-04-04T11:01:35.371Z - info: [7:01:35 PM] Reload for file change: /Users/adityamisra/Desktop/Study/bug_analysis_FE/documentation/_markbind/layouts/default.md
2025-04-04T11:01:35.372Z - info: [7:01:35 PM] Reload for file change: /Users/adityamisra/Desktop/Study/bug_analysis_FE/documentation/developerGuide/Requirements.md
2025-04-04T11:01:36.176Z - info: Rebuilding 17 pages
2025-04-04T11:01:36.363Z - warn: You might have an invalid hash for intra-link! Ignore this warning if it was intended.'
  /developerGuide/Design.html#Architecture' found in file '/Users/adityamisra/Desktop/Study/bug_analysis_FE/documentation/developerGuide/SettingUp.md'
2025-04-04T11:01:36.366Z - info: Site data built
2025-04-04T11:01:36.366Z - info: Pages rebuilt
2025-04-04T11:01:36.366Z - info: Website regeneration complete! Total build time: 0.19s
2025-04-04T14:02:04.590Z - info: Website generation started at 10:02:04 PM
2025-04-04T14:02:04.604Z - info: Building assets...
2025-04-04T14:02:04.611Z - info: Assets built
2025-04-04T14:02:04.612Z - info: Generating pages...
2025-04-04T14:02:07.079Z - debug: 2025-04-04 22:02:05.587 java[84402:13932482] +[IMKClient subclass]: chose IMKClient_Modern
2025-04-04 22:02:05.587 java[84402:13932482] +[IMKInputSession subclass]: chose IMKInputSession_Modern
java.io.IOException: Cannot run program "/opt/local/bin/dot": error=2, No such file or directory
	at java.base/java.lang.ProcessBuilder.start(ProcessBuilder.java:1143)
	at java.base/java.lang.ProcessBuilder.start(ProcessBuilder.java:1073)
	at java.base/java.lang.Runtime.exec(Runtime.java:594)
	at net.sourceforge.plantuml.dot.ProcessRunner$MainThread.startThreads(ProcessRunner.java:165)
	at net.sourceforge.plantuml.dot.ProcessRunner$MainThread.runJob(ProcessRunner.java:125)
	at net.sourceforge.plantuml.api.TimeoutExecutor$MyThread.run(TimeoutExecutor.java:81)
Caused by: java.io.IOException: error=2, No such file or directory
	at java.base/java.lang.ProcessImpl.forkAndExec(Native Method)
	at java.base/java.lang.ProcessImpl.<init>(ProcessImpl.java:314)
	at java.base/java.lang.ProcessImpl.start(ProcessImpl.java:244)
	at java.base/java.lang.ProcessBuilder.start(ProcessBuilder.java:1110)
	... 5 more
java.io.IOException: Cannot run program "/opt/local/bin/dot": error=2, No such file or directory
	at java.base/java.lang.ProcessBuilder.start(ProcessBuilder.java:1143)
	at java.base/java.lang.ProcessBuilder.start(ProcessBuilder.java:1073)
	at java.base/java.lang.Runtime.exec(Runtime.java:594)
	at net.sourceforge.plantuml.dot.ProcessRunner$MainThread.startThreads(ProcessRunner.java:165)
	at net.sourceforge.plantuml.dot.ProcessRunner$MainThread.runJob(ProcessRunner.java:125)
	at net.sourceforge.plantuml.api.TimeoutExecutor$MyThread.run(TimeoutExecutor.java:81)
Caused by: java.io.IOException: error=2, No such file or directory
	at java.base/java.lang.ProcessImpl.forkAndExec(Native Method)
	at java.base/java.lang.ProcessImpl.<init>(ProcessImpl.java:314)
	at java.base/java.lang.ProcessImpl.start(ProcessImpl.java:244)
	at java.base/java.lang.ProcessBuilder.start(ProcessBuilder.java:1110)
	... 5 more

2025-04-04T14:02:07.321Z - warn: You might have an invalid hash for intra-link! Ignore this warning if it was intended.'
  /developerGuide/Design.html#Architecture' found in file '/Users/adityamisra/Desktop/Study/bug_analysis_FE/documentation/developerGuide/SettingUp.md'
2025-04-04T14:02:07.322Z - info: Pages built
2025-04-04T14:02:07.411Z - info: Site data built
2025-04-04T14:02:07.411Z - info: Website generation complete! Total build time: 2.879s
2025-04-04T14:02:07.424Z - info: Serving "/Users/adityamisra/Desktop/Study/bug_analysis_FE/documentation/_site" at http://127.0.0.1:8080
2025-04-04T14:02:07.424Z - info: Press CTRL+C to stop ...
2025-04-04T14:03:46.621Z - info: [10:03:46 PM] Reload for file change: /Users/adityamisra/Desktop/Study/bug_analysis_FE/documentation/index.md
2025-04-04T14:03:47.643Z - info: Rebuilding 1 pages
2025-04-04T14:03:47.692Z - info: Site data built
2025-04-04T14:03:47.692Z - info: Pages rebuilt
2025-04-04T14:03:47.692Z - info: Website regeneration complete! Total build time: 0.06s
2025-04-04T14:05:33.092Z - info: [10:05:33 PM] Reload for file change: /Users/adityamisra/Desktop/Study/bug_analysis_FE/documentation/index.md
2025-04-04T14:05:34.120Z - info: Rebuilding 1 pages
2025-04-04T14:05:34.159Z - info: Site data built
2025-04-04T14:05:34.159Z - info: Pages rebuilt
2025-04-04T14:05:34.159Z - info: Website regeneration complete! Total build time: 0.052s
2025-04-04T14:05:56.569Z - info: [10:05:56 PM] Reload for file change: /Users/adityamisra/Desktop/Study/bug_analysis_FE/documentation/index.md
2025-04-04T14:05:57.575Z - info: Rebuilding 1 pages
2025-04-04T14:05:57.608Z - info: Site data built
2025-04-04T14:05:57.608Z - info: Pages rebuilt
2025-04-04T14:05:57.609Z - info: Website regeneration complete! Total build time: 0.036s
2025-04-04T14:06:21.224Z - info: [10:06:21 PM] Reload for file change: /Users/adityamisra/Desktop/Study/bug_analysis_FE/documentation/index.md
2025-04-04T14:06:22.228Z - info: Rebuilding 1 pages
2025-04-04T14:06:22.247Z - info: Site data built
2025-04-04T14:06:22.247Z - info: Pages rebuilt
2025-04-04T14:06:22.247Z - info: Website regeneration complete! Total build time: 0.02s
2025-04-04T14:06:23.453Z - info: [10:06:23 PM] Reload for file change: /Users/adityamisra/Desktop/Study/bug_analysis_FE/documentation/index.md
2025-04-04T14:06:24.460Z - info: Rebuilding 1 pages
2025-04-04T14:06:24.484Z - info: Site data built
2025-04-04T14:06:24.484Z - info: Pages rebuilt
2025-04-04T14:06:24.485Z - info: Website regeneration complete! Total build time: 0.026s
2025-04-04T14:06:39.234Z - info: [10:06:39 PM] Reload for file change: /Users/adityamisra/Desktop/Study/bug_analysis_FE/documentation/index.md
2025-04-04T14:06:40.239Z - info: Rebuilding 1 pages
2025-04-04T14:06:40.266Z - info: Site data built
2025-04-04T14:06:40.267Z - info: Pages rebuilt
2025-04-04T14:06:40.267Z - info: Website regeneration complete! Total build time: 0.03s
2025-04-04T14:06:46.408Z - info: [10:06:46 PM] Reload for file change: /Users/adityamisra/Desktop/Study/bug_analysis_FE/documentation/index.md
2025-04-04T14:06:47.412Z - info: Rebuilding 1 pages
2025-04-04T14:06:47.463Z - info: Site data built
2025-04-04T14:06:47.463Z - info: Pages rebuilt
2025-04-04T14:06:47.463Z - info: Website regeneration complete! Total build time: 0.052s
2025-04-04T14:08:11.564Z - info: [10:08:11 PM] Reload for file change: /Users/adityamisra/Desktop/Study/bug_analysis_FE/documentation/index.md
2025-04-04T14:08:12.568Z - info: Rebuilding 1 pages
2025-04-04T14:08:12.602Z - info: Site data built
2025-04-04T14:08:12.602Z - info: Pages rebuilt
2025-04-04T14:08:12.602Z - info: Website regeneration complete! Total build time: 0.035s
2025-04-04T14:08:41.265Z - info: [10:08:41 PM] Reload for file change: /Users/adityamisra/Desktop/Study/bug_analysis_FE/documentation/index.md
2025-04-04T14:08:42.270Z - info: Rebuilding 1 pages
2025-04-04T14:08:42.290Z - info: Site data built
2025-04-04T14:08:42.290Z - info: Pages rebuilt
2025-04-04T14:08:42.291Z - info: Website regeneration complete! Total build time: 0.022s
2025-04-04T14:09:00.324Z - info: [10:09:00 PM] Reload for file change: /Users/adityamisra/Desktop/Study/bug_analysis_FE/documentation/index.md
2025-04-04T14:09:01.331Z - info: Rebuilding 1 pages
2025-04-04T14:09:01.372Z - info: Site data built
2025-04-04T14:09:01.372Z - info: Pages rebuilt
2025-04-04T14:09:01.372Z - info: Website regeneration complete! Total build time: 0.043s
2025-04-04T14:09:10.950Z - info: [10:09:10 PM] Reload for file change: /Users/adityamisra/Desktop/Study/bug_analysis_FE/documentation/index.md
2025-04-04T14:09:11.958Z - info: Rebuilding 1 pages
2025-04-04T14:09:12.039Z - info: Site data built
2025-04-04T14:09:12.039Z - info: Pages rebuilt
2025-04-04T14:09:12.039Z - info: Website regeneration complete! Total build time: 0.082s
2025-04-04T14:09:34.570Z - info: [10:09:34 PM] Reload for file change: /Users/adityamisra/Desktop/Study/bug_analysis_FE/documentation/index.md
2025-04-04T14:09:35.576Z - info: Rebuilding 1 pages
2025-04-04T14:09:35.597Z - info: Site data built
2025-04-04T14:09:35.597Z - info: Pages rebuilt
2025-04-04T14:09:35.597Z - info: Website regeneration complete! Total build time: 0.022s
2025-04-04T14:10:49.114Z - info: [10:10:49 PM] Reload for file change: /Users/adityamisra/Desktop/Study/bug_analysis_FE/documentation/site.json
2025-04-04T14:10:49.135Z - info: No pages needed to be rebuilt
2025-04-04T14:10:56.475Z - info: [10:10:56 PM] Reload for file add: /Users/adityamisra/Desktop/Study/bug_analysis_FE/documentation/footer.md
2025-04-04T14:10:57.478Z - info: Pages or site config modified, updating pages...
2025-04-04T14:10:58.484Z - warn: Rebuilding all pages...
2025-04-04T14:10:58.485Z - info: Generating pages...
2025-04-04T14:10:58.660Z - warn: You might have an invalid hash for intra-link! Ignore this warning if it was intended.'
  /developerGuide/Design.html#Architecture' found in file '/Users/adityamisra/Desktop/Study/bug_analysis_FE/documentation/developerGuide/SettingUp.md'
2025-04-04T14:10:58.660Z - info: Pages built
2025-04-04T14:11:16.352Z - info: [10:11:16 PM] Reload for file change: /Users/adityamisra/Desktop/Study/bug_analysis_FE/documentation/footer.md
2025-04-04T14:11:17.394Z - info: Rebuilding 1 pages
2025-04-04T14:11:17.473Z - warn: You might have an invalid intra-link! Ignore this warning if it was intended.
'/documentation/aboutUs.html' found in file '/Users/adityamisra/Desktop/Study/bug_analysis_FE/documentation/footer.md'
2025-04-04T14:11:17.473Z - info: Site data built
2025-04-04T14:11:17.473Z - info: Pages rebuilt
2025-04-04T14:11:17.474Z - info: Website regeneration complete! Total build time: 0.113s
2025-04-04T14:11:49.165Z - info: [10:11:49 PM] Reload for file deletion: /Users/adityamisra/Desktop/Study/bug_analysis_FE/documentation/footer.md
2025-04-04T14:11:49.168Z - info: [10:11:49 PM] Reload for file add: /Users/adityamisra/Desktop/Study/bug_analysis_FE/documentation/_footer.md
2025-04-04T14:11:50.169Z - info: Pages or site config modified, updating pages...
2025-04-04T14:11:51.176Z - debug: Assets removed
2025-04-04T14:11:51.177Z - warn: Rebuilding all pages...
2025-04-04T14:11:51.177Z - info: Generating pages...
2025-04-04T14:11:51.346Z - warn: You might have an invalid intra-link! Ignore this warning if it was intended.
'/documentation/aboutUs.html' found in file '/Users/adityamisra/Desktop/Study/bug_analysis_FE/documentation/_footer.md'
2025-04-04T14:11:51.347Z - warn: You might have an invalid hash for intra-link! Ignore this warning if it was intended.'
  /developerGuide/Design.html#Architecture' found in file '/Users/adityamisra/Desktop/Study/bug_analysis_FE/documentation/developerGuide/SettingUp.md'
2025-04-04T14:11:51.347Z - info: Pages built
2025-04-04T14:11:52.673Z - info: [10:11:52 PM] Reload for file change: /Users/adityamisra/Desktop/Study/bug_analysis_FE/documentation/site.json
2025-04-04T14:11:52.682Z - info: No pages needed to be rebuilt
2025-04-04T14:12:01.303Z - info: [10:12:01 PM] Reload for file change: /Users/adityamisra/Desktop/Study/bug_analysis_FE/documentation/site.json
2025-04-04T14:12:01.315Z - info: No pages needed to be rebuilt
2025-04-04T14:12:53.119Z - info: [10:12:53 PM] Reload for file change: /Users/adityamisra/Desktop/Study/bug_analysis_FE/documentation/site.json
2025-04-04T14:12:53.136Z - info: No pages needed to be rebuilt
2025-04-04T14:13:15.791Z - info: [10:13:15 PM] Reload for file change: /Users/adityamisra/Desktop/Study/bug_analysis_FE/documentation/site.json
2025-04-04T14:13:15.799Z - info: No pages needed to be rebuilt
2025-04-04T14:13:38.548Z - info: [10:13:38 PM] Reload for file deletion: /Users/adityamisra/Desktop/Study/bug_analysis_FE/documentation/_footer.md
2025-04-04T14:13:39.551Z - info: Pages or site config modified, updating pages...
2025-04-04T14:13:40.555Z - debug: Assets removed
2025-04-04T14:13:40.555Z - warn: Rebuilding all pages...
2025-04-04T14:13:40.555Z - info: Generating pages...
2025-04-04T14:13:40.741Z - warn: You might have an invalid hash for intra-link! Ignore this warning if it was intended.'
  /developerGuide/Design.html#Architecture' found in file '/Users/adityamisra/Desktop/Study/bug_analysis_FE/documentation/developerGuide/SettingUp.md'
2025-04-04T14:13:40.742Z - info: Pages built
2025-04-04T14:14:03.083Z - info: [10:14:03 PM] Reload for file change: /Users/adityamisra/Desktop/Study/bug_analysis_FE/documentation/index.md
2025-04-04T14:14:04.089Z - info: Rebuilding 1 pages
2025-04-04T14:14:04.122Z - warn: You might have an invalid intra-link! Ignore this warning if it was intended.
'/documentation/aboutUs.html' found in file '/Users/adityamisra/Desktop/Study/bug_analysis_FE/documentation/index.md'
2025-04-04T14:14:04.123Z - info: Site data built
2025-04-04T14:14:04.124Z - info: Pages rebuilt
2025-04-04T14:14:04.124Z - info: Website regeneration complete! Total build time: 0.036s
2025-04-04T14:14:19.699Z - info: [10:14:19 PM] Reload for file change: /Users/adityamisra/Desktop/Study/bug_analysis_FE/documentation/index.md
2025-04-04T14:14:20.713Z - info: Rebuilding 1 pages
2025-04-04T14:14:20.741Z - warn: You might have an invalid intra-link! Ignore this warning if it was intended.
'/documentation/aboutUs.html' found in file '/Users/adityamisra/Desktop/Study/bug_analysis_FE/documentation/index.md'
2025-04-04T14:14:20.743Z - info: Site data built
2025-04-04T14:14:20.743Z - info: Pages rebuilt
2025-04-04T14:14:20.743Z - info: Website regeneration complete! Total build time: 0.033s
2025-04-04T14:14:29.168Z - info: [10:14:29 PM] Reload for file change: /Users/adityamisra/Desktop/Study/bug_analysis_FE/documentation/index.md
2025-04-04T14:14:30.173Z - info: Rebuilding 1 pages
2025-04-04T14:14:30.197Z - info: Site data built
2025-04-04T14:14:30.197Z - info: Pages rebuilt
2025-04-04T14:14:30.197Z - info: Website regeneration complete! Total build time: 0.026s
2025-04-04T14:14:40.182Z - info: [10:14:40 PM] Reload for file change: /Users/adityamisra/Desktop/Study/bug_analysis_FE/documentation/index.md
2025-04-04T14:14:41.186Z - info: Rebuilding 1 pages
2025-04-04T14:14:41.203Z - info: Site data built
2025-04-04T14:14:41.203Z - info: Pages rebuilt
2025-04-04T14:14:41.203Z - info: Website regeneration complete! Total build time: 0.017s
2025-04-04T14:14:54.385Z - info: [10:14:54 PM] Reload for file change: /Users/adityamisra/Desktop/Study/bug_analysis_FE/documentation/index.md
2025-04-04T14:14:55.390Z - info: Rebuilding 1 pages
2025-04-04T14:14:55.417Z - info: Site data built
2025-04-04T14:14:55.418Z - info: Pages rebuilt
2025-04-04T14:14:55.418Z - info: Website regeneration complete! Total build time: 0.029s
2025-04-04T14:15:04.874Z - info: [10:15:04 PM] Reload for file change: /Users/adityamisra/Desktop/Study/bug_analysis_FE/documentation/index.md
2025-04-04T14:15:05.879Z - info: Rebuilding 1 pages
2025-04-04T14:15:05.904Z - info: Site data built
2025-04-04T14:15:05.905Z - info: Pages rebuilt
2025-04-04T14:15:05.905Z - info: Website regeneration complete! Total build time: 0.028s
2025-04-04T14:15:15.660Z - info: [10:15:15 PM] Reload for file change: /Users/adityamisra/Desktop/Study/bug_analysis_FE/documentation/index.md
2025-04-04T14:15:16.664Z - info: Rebuilding 1 pages
2025-04-04T14:15:16.693Z - info: Site data built
2025-04-04T14:15:16.693Z - info: Pages rebuilt
2025-04-04T14:15:16.693Z - info: Website regeneration complete! Total build time: 0.03s
2025-04-04T14:15:29.314Z - info: [10:15:29 PM] Reload for file change: /Users/adityamisra/Desktop/Study/bug_analysis_FE/documentation/index.md
2025-04-04T14:15:30.318Z - info: Rebuilding 1 pages
2025-04-04T14:15:30.348Z - info: Site data built
2025-04-04T14:15:30.348Z - info: Pages rebuilt
2025-04-04T14:15:30.348Z - info: Website regeneration complete! Total build time: 0.031s
2025-04-04T14:16:49.772Z - info: [10:16:49 PM] Reload for file deletion: /Users/adityamisra/Desktop/Study/bug_analysis_FE/documentation/developerGuide/Implementation.md
2025-04-04T14:16:50.781Z - info: Pages or site config modified, updating pages...
2025-04-04T14:16:51.790Z - debug: Assets removed
2025-04-04T14:16:51.791Z - warn: Rebuilding all pages...
2025-04-04T14:16:51.791Z - info: Generating pages...
2025-04-04T14:16:51.955Z - warn: You might have an invalid intra-link! Ignore this warning if it was intended.
'/developerGuide/Implementation.html' found in file '/Users/adityamisra/Desktop/Study/bug_analysis_FE/documentation/_markbind/layouts/default.md'
2025-04-04T14:16:51.955Z - warn: You might have an invalid hash for intra-link! Ignore this warning if it was intended.'
  /developerGuide/Design.html#Architecture' found in file '/Users/adityamisra/Desktop/Study/bug_analysis_FE/documentation/developerGuide/SettingUp.md'
2025-04-04T14:16:51.955Z - info: Pages built
2025-04-04T14:17:13.324Z - info: [10:17:13 PM] Reload for file deletion: /Users/adityamisra/Desktop/Study/bug_analysis_FE/documentation/developerGuide/TracingCode.md
2025-04-04T14:17:14.327Z - info: Pages or site config modified, updating pages...
2025-04-04T14:17:15.336Z - debug: Assets removed
2025-04-04T14:17:15.337Z - warn: Rebuilding all pages...
2025-04-04T14:17:15.337Z - info: Generating pages...
2025-04-04T14:17:15.490Z - warn: You might have an invalid intra-link! Ignore this warning if it was intended.
'/developerGuide/TracingCode.html' found in file '/Users/adityamisra/Desktop/Study/bug_analysis_FE/documentation/_markbind/layouts/default.md'
2025-04-04T14:17:15.490Z - warn: You might have an invalid intra-link! Ignore this warning if it was intended.
'/developerGuide/Implementation.html' found in file '/Users/adityamisra/Desktop/Study/bug_analysis_FE/documentation/_markbind/layouts/default.md'
2025-04-04T14:17:15.491Z - warn: You might have an invalid hash for intra-link! Ignore this warning if it was intended.'
  /developerGuide/Design.html#Architecture' found in file '/Users/adityamisra/Desktop/Study/bug_analysis_FE/documentation/developerGuide/SettingUp.md'
2025-04-04T14:17:15.491Z - warn: You might have an invalid intra-link! Ignore this warning if it was intended.
'/developerGuide/TracingCode.html' found in file '/Users/adityamisra/Desktop/Study/bug_analysis_FE/documentation/developerGuide/SettingUp.md'
2025-04-04T14:17:15.492Z - info: Pages built
2025-04-04T14:17:39.282Z - info: [10:17:39 PM] Reload for file change: /Users/adityamisra/Desktop/Study/bug_analysis_FE/documentation/developerGuide/SettingUp.md
2025-04-04T14:17:40.285Z - info: Rebuilding 1 pages
2025-04-04T14:17:40.307Z - warn: You might have an invalid hash for intra-link! Ignore this warning if it was intended.'
  /developerGuide/Design.html#Architecture' found in file '/Users/adityamisra/Desktop/Study/bug_analysis_FE/documentation/developerGuide/SettingUp.md'
2025-04-04T14:17:40.308Z - info: Site data built
2025-04-04T14:17:40.308Z - info: Pages rebuilt
2025-04-04T14:17:40.308Z - info: Website regeneration complete! Total build time: 0.023s
2025-04-04T14:19:37.766Z - info: [10:19:37 PM] Reload for file change: /Users/adityamisra/Desktop/Study/bug_analysis_FE/documentation/_markbind/layouts/default.md
2025-04-04T14:19:38.807Z - info: Rebuilding 15 pages
2025-04-04T14:19:38.951Z - warn: You might have an invalid intra-link! Ignore this warning if it was intended.
'/developerGuide/TracingCode.html' found in file '/Users/adityamisra/Desktop/Study/bug_analysis_FE/documentation/_markbind/layouts/default.md'
2025-04-04T14:19:38.951Z - warn: You might have an invalid hash for intra-link! Ignore this warning if it was intended.'
  /developerGuide/Design.html#Architecture' found in file '/Users/adityamisra/Desktop/Study/bug_analysis_FE/documentation/developerGuide/SettingUp.md'
2025-04-04T14:19:38.952Z - info: Site data built
2025-04-04T14:19:38.952Z - info: Pages rebuilt
2025-04-04T14:19:38.952Z - info: Website regeneration complete! Total build time: 0.155s
2025-04-04T14:20:37.155Z - info: [10:20:37 PM] Reload for file deletion: /Users/adityamisra/Desktop/Study/bug_analysis_FE/documentation/developerGuide/DevOps.md
2025-04-04T14:20:38.164Z - info: Pages or site config modified, updating pages...
2025-04-04T14:20:39.173Z - debug: Assets removed
2025-04-04T14:20:39.174Z - warn: Rebuilding all pages...
2025-04-04T14:20:39.174Z - info: Generating pages...
2025-04-04T14:20:39.336Z - warn: You might have an invalid intra-link! Ignore this warning if it was intended.
'/developerGuide/TracingCode.html' found in file '/Users/adityamisra/Desktop/Study/bug_analysis_FE/documentation/_markbind/layouts/default.md'
2025-04-04T14:20:39.336Z - warn: You might have an invalid intra-link! Ignore this warning if it was intended.
'/developerGuide/DevOps.html' found in file '/Users/adityamisra/Desktop/Study/bug_analysis_FE/documentation/_markbind/layouts/default.md'
2025-04-04T14:20:39.337Z - warn: You might have an invalid hash for intra-link! Ignore this warning if it was intended.'
  /developerGuide/Design.html#Architecture' found in file '/Users/adityamisra/Desktop/Study/bug_analysis_FE/documentation/developerGuide/SettingUp.md'
2025-04-04T14:20:39.337Z - info: Pages built
2025-04-04T14:21:00.551Z - info: [10:21:00 PM] Reload for file change: /Users/adityamisra/Desktop/Study/bug_analysis_FE/documentation/_markbind/layouts/default.md
2025-04-04T14:21:01.577Z - info: Rebuilding 14 pages
2025-04-04T14:21:01.695Z - warn: You might have an invalid intra-link! Ignore this warning if it was intended.
'/developerGuide/TracingCode.html' found in file '/Users/adityamisra/Desktop/Study/bug_analysis_FE/documentation/_markbind/layouts/default.md'
2025-04-04T14:21:01.696Z - warn: You might have an invalid hash for intra-link! Ignore this warning if it was intended.'
  /developerGuide/Design.html#Architecture' found in file '/Users/adityamisra/Desktop/Study/bug_analysis_FE/documentation/developerGuide/SettingUp.md'
2025-04-04T14:21:01.697Z - info: Site data built
2025-04-04T14:21:01.697Z - info: Pages rebuilt
2025-04-04T14:21:01.697Z - info: Website regeneration complete! Total build time: 0.129s
2025-04-04T14:21:24.292Z - info: [10:21:24 PM] Reload for file change: /Users/adityamisra/Desktop/Study/bug_analysis_FE/documentation/_markbind/layouts/default.md
2025-04-04T14:21:25.309Z - info: Rebuilding 14 pages
2025-04-04T14:21:25.439Z - warn: You might have an invalid hash for intra-link! Ignore this warning if it was intended.'
  /developerGuide/Design.html#Architecture' found in file '/Users/adityamisra/Desktop/Study/bug_analysis_FE/documentation/developerGuide/SettingUp.md'
2025-04-04T14:21:25.440Z - info: Site data built
2025-04-04T14:21:25.440Z - info: Pages rebuilt
2025-04-04T14:21:25.440Z - info: Website regeneration complete! Total build time: 0.131s
2025-04-04T14:21:45.685Z - info: [10:21:45 PM] Reload for file change: /Users/adityamisra/Desktop/Study/bug_analysis_FE/documentation/_markbind/layouts/default.md
2025-04-04T14:21:46.708Z - info: Rebuilding 14 pages
2025-04-04T14:21:46.848Z - warn: You might have an invalid hash for intra-link! Ignore this warning if it was intended.'
  /developerGuide/Design.html#Architecture' found in file '/Users/adityamisra/Desktop/Study/bug_analysis_FE/documentation/developerGuide/SettingUp.md'
2025-04-04T14:21:46.849Z - info: Site data built
2025-04-04T14:21:46.849Z - info: Pages rebuilt
2025-04-04T14:21:46.849Z - info: Website regeneration complete! Total build time: 0.141s
2025-04-04T14:21:54.138Z - info: [10:21:54 PM] Reload for file change: /Users/adityamisra/Desktop/Study/bug_analysis_FE/documentation/_markbind/layouts/default.md
2025-04-04T14:21:55.162Z - info: Rebuilding 14 pages
2025-04-04T14:21:55.276Z - warn: You might have an invalid hash for intra-link! Ignore this warning if it was intended.'
  /developerGuide/Design.html#Architecture' found in file '/Users/adityamisra/Desktop/Study/bug_analysis_FE/documentation/developerGuide/SettingUp.md'
2025-04-04T14:21:55.276Z - info: Site data built
2025-04-04T14:21:55.276Z - info: Pages rebuilt
2025-04-04T14:21:55.276Z - info: Website regeneration complete! Total build time: 0.115s
2025-04-04T14:29:23.798Z - info: [10:29:23 PM] Reload for file deletion: /Users/adityamisra/Desktop/Study/bug_analysis_FE/documentation/developerGuide/Design.md
2025-04-04T14:29:24.808Z - info: Pages or site config modified, updating pages...
2025-04-04T14:29:25.821Z - debug: Assets removed
2025-04-04T14:29:25.821Z - warn: Rebuilding all pages...
2025-04-04T14:29:25.822Z - info: Generating pages...
2025-04-04T14:29:25.925Z - warn: You might have an invalid intra-link! Ignore this warning if it was intended.
'/developerGuide/Design.html#Architecture' found in file '/Users/adityamisra/Desktop/Study/bug_analysis_FE/documentation/developerGuide/SettingUp.md'
2025-04-04T14:29:25.925Z - info: Pages built
2025-04-04T14:29:44.162Z - info: [10:29:44 PM] Reload for file deletion: /Users/adityamisra/Desktop/Study/bug_analysis_FE/documentation/developerGuide/Testing.md
2025-04-04T14:29:45.166Z - info: Pages or site config modified, updating pages...
2025-04-04T14:29:46.174Z - debug: Assets removed
2025-04-04T14:29:46.175Z - warn: Rebuilding all pages...
2025-04-04T14:29:46.175Z - info: Generating pages...
2025-04-04T14:29:46.276Z - warn: You might have an invalid intra-link! Ignore this warning if it was intended.
'/developerGuide/Testing.html' found in file '/Users/adityamisra/Desktop/Study/bug_analysis_FE/documentation/developerGuide/SettingUp.md'
2025-04-04T14:29:46.276Z - warn: You might have an invalid intra-link! Ignore this warning if it was intended.
'/developerGuide/Design.html#Architecture' found in file '/Users/adityamisra/Desktop/Study/bug_analysis_FE/documentation/developerGuide/SettingUp.md'
2025-04-04T14:29:46.276Z - info: Pages built
2025-04-04T14:29:47.891Z - info: [10:29:47 PM] Reload for file deletion: /Users/adityamisra/Desktop/Study/bug_analysis_FE/documentation/developerGuide/Requirements.md
2025-04-04T14:29:48.895Z - info: Pages or site config modified, updating pages...
2025-04-04T14:29:49.903Z - debug: Assets removed
2025-04-04T14:29:49.904Z - warn: Rebuilding all pages...
2025-04-04T14:29:49.904Z - info: Generating pages...
2025-04-04T14:29:49.977Z - warn: You might have an invalid intra-link! Ignore this warning if it was intended.
'/developerGuide/Testing.html' found in file '/Users/adityamisra/Desktop/Study/bug_analysis_FE/documentation/developerGuide/SettingUp.md'
2025-04-04T14:29:49.977Z - warn: You might have an invalid intra-link! Ignore this warning if it was intended.
'/developerGuide/Design.html#Architecture' found in file '/Users/adityamisra/Desktop/Study/bug_analysis_FE/documentation/developerGuide/SettingUp.md'
2025-04-04T14:29:49.977Z - info: Pages built
2025-04-04T14:30:04.737Z - info: [10:30:04 PM] Reload for file deletion: /Users/adityamisra/Desktop/Study/bug_analysis_FE/documentation/developerGuide/Documentation.md
2025-04-04T14:30:05.740Z - info: Pages or site config modified, updating pages...
2025-04-04T14:30:06.747Z - debug: Assets removed
2025-04-04T14:30:06.747Z - warn: Rebuilding all pages...
2025-04-04T14:30:06.748Z - info: Generating pages...
2025-04-04T14:30:06.845Z - warn: You might have an invalid intra-link! Ignore this warning if it was intended.
'/developerGuide/Testing.html' found in file '/Users/adityamisra/Desktop/Study/bug_analysis_FE/documentation/developerGuide/SettingUp.md'
2025-04-04T14:30:06.845Z - warn: You might have an invalid intra-link! Ignore this warning if it was intended.
'/developerGuide/Design.html#Architecture' found in file '/Users/adityamisra/Desktop/Study/bug_analysis_FE/documentation/developerGuide/SettingUp.md'
2025-04-04T14:30:06.845Z - info: Pages built
2025-04-04T14:30:08.486Z - info: [10:30:08 PM] Reload for file deletion: /Users/adityamisra/Desktop/Study/bug_analysis_FE/documentation/developerGuide/Configuration.md
2025-04-04T14:30:09.489Z - info: Pages or site config modified, updating pages...
2025-04-04T14:30:10.501Z - debug: Assets removed
2025-04-04T14:30:10.501Z - warn: Rebuilding all pages...
2025-04-04T14:30:10.501Z - info: Generating pages...
2025-04-04T14:30:10.565Z - warn: You might have an invalid intra-link! Ignore this warning if it was intended.
'/developerGuide/Testing.html' found in file '/Users/adityamisra/Desktop/Study/bug_analysis_FE/documentation/developerGuide/SettingUp.md'
2025-04-04T14:30:10.565Z - warn: You might have an invalid intra-link! Ignore this warning if it was intended.
'/developerGuide/Design.html#Architecture' found in file '/Users/adityamisra/Desktop/Study/bug_analysis_FE/documentation/developerGuide/SettingUp.md'
2025-04-04T14:30:10.566Z - info: Pages built
2025-04-04T14:30:38.743Z - info: [10:30:38 PM] Reload for file change: /Users/adityamisra/Desktop/Study/bug_analysis_FE/documentation/developerGuide/SettingUp.md
2025-04-04T14:30:39.748Z - info: Rebuilding 1 pages
2025-04-04T14:30:39.765Z - warn: You might have an invalid intra-link! Ignore this warning if it was intended.
'/developerGuide/Testing.html' found in file '/Users/adityamisra/Desktop/Study/bug_analysis_FE/documentation/developerGuide/SettingUp.md'
2025-04-04T14:30:39.765Z - info: Site data built
2025-04-04T14:30:39.765Z - info: Pages rebuilt
2025-04-04T14:30:39.765Z - info: Website regeneration complete! Total build time: 0.018s
2025-04-04T14:31:12.392Z - info: [10:31:12 PM] Reload for file change: /Users/adityamisra/Desktop/Study/bug_analysis_FE/documentation/developerGuide/SettingUp.md
2025-04-04T14:31:13.402Z - info: Rebuilding 1 pages
2025-04-04T14:31:13.437Z - info: Site data built
2025-04-04T14:31:13.437Z - info: Pages rebuilt
2025-04-04T14:31:13.437Z - info: Website regeneration complete! Total build time: 0.037s
2025-04-04T14:35:07.637Z - info: [10:35:07 PM] Reload for file change: /Users/adityamisra/Desktop/Study/bug_analysis_FE/documentation/userGuide/UserGuide.md
2025-04-04T14:35:08.657Z - info: Rebuilding 1 pages
2025-04-04T14:35:08.720Z - info: Site data built
2025-04-04T14:35:08.720Z - info: Pages rebuilt
2025-04-04T14:35:08.720Z - info: Website regeneration complete! Total build time: 0.075s
2025-04-04T14:38:44.424Z - info: [10:38:44 PM] Reload for file change: /Users/adityamisra/Desktop/Study/bug_analysis_FE/documentation/userGuide/QuickStart.md
2025-04-04T14:38:45.438Z - info: Rebuilding 1 pages
2025-04-04T14:38:45.461Z - info: Site data built
2025-04-04T14:38:45.461Z - info: Pages rebuilt
2025-04-04T14:38:45.461Z - info: Website regeneration complete! Total build time: 0.032s
2025-04-04T14:38:58.910Z - info: [10:38:58 PM] Reload for file change: /Users/adityamisra/Desktop/Study/bug_analysis_FE/documentation/userGuide/QuickStart.md
2025-04-04T14:38:59.923Z - info: Rebuilding 1 pages
2025-04-04T14:38:59.942Z - info: Site data built
2025-04-04T14:38:59.942Z - info: Pages rebuilt
2025-04-04T14:38:59.942Z - info: Website regeneration complete! Total build time: 0.02s
2025-04-04T14:39:31.227Z - info: [10:39:31 PM] Reload for file change: /Users/adityamisra/Desktop/Study/bug_analysis_FE/documentation/userGuide/QuickStart.md
2025-04-04T14:39:32.231Z - info: Rebuilding 1 pages
2025-04-04T14:39:32.254Z - info: Site data built
2025-04-04T14:39:32.254Z - info: Pages rebuilt
2025-04-04T14:39:32.254Z - info: Website regeneration complete! Total build time: 0.024s
2025-04-04T14:50:39.022Z - info: [10:50:39 PM] Reload for file change: /Users/adityamisra/Desktop/Study/bug_analysis_FE/documentation/userGuide/QuickStart.md
2025-04-04T14:50:40.040Z - info: Rebuilding 1 pages
2025-04-04T14:50:40.075Z - info: Site data built
2025-04-04T14:50:40.075Z - info: Pages rebuilt
2025-04-04T14:50:40.075Z - info: Website regeneration complete! Total build time: 0.045s
2025-04-04T14:50:49.424Z - info: [10:50:49 PM] Reload for file change: /Users/adityamisra/Desktop/Study/bug_analysis_FE/documentation/userGuide/QuickStart.md
2025-04-04T14:50:49.522Z - info: [10:50:49 PM] Reload for file change: /Users/adityamisra/Desktop/Study/bug_analysis_FE/documentation/userGuide/QuickStart.md
2025-04-04T14:50:50.438Z - info: Rebuilding 1 pages
2025-04-04T14:50:50.463Z - info: Site data built
2025-04-04T14:50:50.463Z - info: Pages rebuilt
2025-04-04T14:50:50.464Z - info: Website regeneration complete! Total build time: 0.028s
2025-04-04T14:51:09.982Z - info: [10:51:09 PM] Reload for file change: /Users/adityamisra/Desktop/Study/bug_analysis_FE/documentation/userGuide/QuickStart.md
2025-04-04T14:51:10.995Z - info: Rebuilding 1 pages
2025-04-04T14:51:11.021Z - info: Site data built
2025-04-04T14:51:11.021Z - info: Pages rebuilt
2025-04-04T14:51:11.021Z - info: Website regeneration complete! Total build time: 0.028s
2025-04-04T14:51:27.094Z - info: [10:51:27 PM] Reload for file change: /Users/adityamisra/Desktop/Study/bug_analysis_FE/documentation/userGuide/QuickStart.md
2025-04-04T14:51:28.099Z - info: Rebuilding 1 pages
2025-04-04T14:51:28.123Z - info: Site data built
2025-04-04T14:51:28.123Z - info: Pages rebuilt
2025-04-04T14:51:28.123Z - info: Website regeneration complete! Total build time: 0.025s
2025-04-04T14:52:41.401Z - info: [10:52:41 PM] Reload for file change: /Users/adityamisra/Desktop/Study/bug_analysis_FE/documentation/userGuide/QuickStart.md
2025-04-04T14:52:42.405Z - info: Rebuilding 1 pages
2025-04-04T14:52:42.418Z - info: Site data built
2025-04-04T14:52:42.418Z - info: Pages rebuilt
2025-04-04T14:52:42.418Z - info: Website regeneration complete! Total build time: 0.013s
2025-04-04T14:53:04.788Z - info: [10:53:04 PM] Reload for file change: /Users/adityamisra/Desktop/Study/bug_analysis_FE/documentation/userGuide/QuickStart.md
2025-04-04T14:53:05.790Z - info: Rebuilding 1 pages
2025-04-04T14:53:05.807Z - info: Site data built
2025-04-04T14:53:05.807Z - info: Pages rebuilt
2025-04-04T14:53:05.807Z - info: Website regeneration complete! Total build time: 0.018s
2025-04-04T14:53:17.375Z - info: [10:53:17 PM] Reload for file change: /Users/adityamisra/Desktop/Study/bug_analysis_FE/documentation/userGuide/QuickStart.md
2025-04-04T14:53:18.378Z - info: Rebuilding 1 pages
2025-04-04T14:53:18.394Z - info: Site data built
2025-04-04T14:53:18.395Z - info: Pages rebuilt
2025-04-04T14:53:18.395Z - info: Website regeneration complete! Total build time: 0.018s
2025-04-04T14:53:18.606Z - info: [10:53:18 PM] Reload for file change: /Users/adityamisra/Desktop/Study/bug_analysis_FE/documentation/userGuide/QuickStart.md
2025-04-04T14:53:19.607Z - info: Rebuilding 1 pages
2025-04-04T14:53:19.615Z - info: Site data built
2025-04-04T14:53:19.615Z - info: Pages rebuilt
2025-04-04T14:53:19.615Z - info: Website regeneration complete! Total build time: 0.008s
2025-04-04T14:53:19.977Z - info: [10:53:19 PM] Reload for file change: /Users/adityamisra/Desktop/Study/bug_analysis_FE/documentation/userGuide/QuickStart.md
2025-04-04T14:53:20.979Z - info: Rebuilding 1 pages
2025-04-04T14:53:20.993Z - info: Site data built
2025-04-04T14:53:20.993Z - info: Pages rebuilt
2025-04-04T14:53:20.994Z - info: Website regeneration complete! Total build time: 0.016s
2025-04-04T14:54:48.212Z - info: [10:54:48 PM] Reload for file change: /Users/adityamisra/Desktop/Study/bug_analysis_FE/documentation/userGuide/QuickStart.md
2025-04-04T14:54:49.217Z - info: Rebuilding 1 pages
2025-04-04T14:54:49.231Z - info: Site data built
2025-04-04T14:54:49.231Z - info: Pages rebuilt
2025-04-04T14:54:49.231Z - info: Website regeneration complete! Total build time: 0.015s
2025-04-04T15:11:27.464Z - info: Website generation started at 11:11:27 PM
2025-04-04T15:11:27.491Z - info: Building assets...
2025-04-04T15:11:27.499Z - info: Assets built
2025-04-04T15:11:27.499Z - info: Generating pages...
2025-04-04T15:11:27.648Z - info: Pages built
2025-04-04T15:11:27.837Z - info: Site data built
2025-04-04T15:11:27.838Z - info: Website generation complete! Total build time: 0.472s
2025-04-04T15:11:27.859Z - info: Serving "/Users/adityamisra/Desktop/Study/bug_analysis_FE/documentation/_site" at http://127.0.0.1:8080
2025-04-04T15:11:27.860Z - info: Press CTRL+C to stop ...
2025-04-04T15:13:52.114Z - info: [11:13:52 PM] Reload for file change: /Users/adityamisra/Desktop/Study/bug_analysis_FE/documentation/userGuide/QuickStart.md
2025-04-04T15:13:53.130Z - info: Rebuilding 1 pages
2025-04-04T15:13:53.193Z - info: Site data built
2025-04-04T15:13:53.194Z - info: Pages rebuilt
2025-04-04T15:13:53.194Z - info: Website regeneration complete! Total build time: 0.073s
2025-04-04T15:14:03.397Z - info: [11:14:03 PM] Reload for file change: /Users/adityamisra/Desktop/Study/bug_analysis_FE/documentation/userGuide/QuickStart.md
2025-04-04T15:14:04.403Z - info: Rebuilding 1 pages
2025-04-04T15:14:04.435Z - info: Site data built
2025-04-04T15:14:04.435Z - info: Pages rebuilt
2025-04-04T15:14:04.435Z - info: Website regeneration complete! Total build time: 0.034s
2025-04-04T15:14:38.477Z - info: [11:14:38 PM] Reload for file change: /Users/adityamisra/Desktop/Study/bug_analysis_FE/documentation/userGuide/QuickStart.md
2025-04-04T15:14:39.489Z - info: Rebuilding 1 pages
2025-04-04T15:14:39.531Z - info: Site data built
2025-04-04T15:14:39.531Z - info: Pages rebuilt
2025-04-04T15:14:39.531Z - info: Website regeneration complete! Total build time: 0.048s
2025-04-04T15:14:56.085Z - info: [11:14:56 PM] Reload for file change: /Users/adityamisra/Desktop/Study/bug_analysis_FE/documentation/userGuide/QuickStart.md
2025-04-04T15:14:57.092Z - info: Rebuilding 1 pages
2025-04-04T15:14:57.120Z - info: Site data built
2025-04-04T15:14:57.120Z - info: Pages rebuilt
2025-04-04T15:14:57.120Z - info: Website regeneration complete! Total build time: 0.031s
2025-04-04T15:15:18.907Z - info: [11:15:18 PM] Reload for file change: /Users/adityamisra/Desktop/Study/bug_analysis_FE/documentation/userGuide/QuickStart.md
2025-04-04T15:15:19.913Z - info: Rebuilding 1 pages
2025-04-04T15:15:19.943Z - info: Site data built
2025-04-04T15:15:19.943Z - info: Pages rebuilt
2025-04-04T15:15:19.943Z - info: Website regeneration complete! Total build time: 0.032s
2025-04-04T15:17:09.421Z - info: [11:17:09 PM] Reload for file change: /Users/adityamisra/Desktop/Study/bug_analysis_FE/documentation/userGuide/QuickStart.md
2025-04-04T15:17:10.450Z - info: Rebuilding 1 pages
2025-04-04T15:17:10.528Z - info: Site data built
2025-04-04T15:17:10.528Z - info: Pages rebuilt
2025-04-04T15:17:10.528Z - info: Website regeneration complete! Total build time: 0.096s
2025-04-04T15:18:45.805Z - info: [11:18:45 PM] Reload for file change: /Users/adityamisra/Desktop/Study/bug_analysis_FE/documentation/userGuide/QuickStart.md
2025-04-04T15:18:46.835Z - info: Rebuilding 1 pages
2025-04-04T15:18:46.898Z - info: Site data built
2025-04-04T15:18:46.898Z - info: Pages rebuilt
2025-04-04T15:18:46.900Z - info: Website regeneration complete! Total build time: 0.082s
2025-04-04T15:19:04.976Z - info: [11:19:04 PM] Reload for file change: /Users/adityamisra/Desktop/Study/bug_analysis_FE/documentation/userGuide/QuickStart.md
2025-04-04T15:19:06.011Z - info: Rebuilding 1 pages
2025-04-04T15:19:06.093Z - warn: You might have an invalid intra-link! Ignore this warning if it was intended.
'/userGuide/developerGuide/DeveloperGuide.html' found in file '/Users/adityamisra/Desktop/Study/bug_analysis_FE/documentation/userGuide/QuickStart.md'
2025-04-04T15:19:06.094Z - info: Site data built
2025-04-04T15:19:06.094Z - info: Pages rebuilt
2025-04-04T15:19:06.094Z - info: Website regeneration complete! Total build time: 0.11s
2025-04-04T15:22:11.370Z - info: [11:22:11 PM] Reload for file change: /Users/adityamisra/Desktop/Study/bug_analysis_FE/documentation/userGuide/QuickStart.md
2025-04-04T15:22:12.397Z - info: Rebuilding 1 pages
2025-04-04T15:22:12.431Z - warn: You might have an invalid intra-link! Ignore this warning if it was intended.
'/userGuide/developerGuide/DeveloperGuide.html' found in file '/Users/adityamisra/Desktop/Study/bug_analysis_FE/documentation/userGuide/QuickStart.md'
2025-04-04T15:22:12.432Z - info: Site data built
2025-04-04T15:22:12.432Z - info: Pages rebuilt
2025-04-04T15:22:12.432Z - info: Website regeneration complete! Total build time: 0.046s
2025-04-04T15:22:20.990Z - info: [11:22:20 PM] Reload for file change: /Users/adityamisra/Desktop/Study/bug_analysis_FE/documentation/userGuide/QuickStart.md
2025-04-04T15:22:21.996Z - info: Rebuilding 1 pages
2025-04-04T15:22:22.012Z - warn: You might have an invalid intra-link! Ignore this warning if it was intended.
'/userGuide/developerGuide/DeveloperGuide.html' found in file '/Users/adityamisra/Desktop/Study/bug_analysis_FE/documentation/userGuide/QuickStart.md'
2025-04-04T15:22:22.012Z - info: Site data built
2025-04-04T15:22:22.012Z - info: Pages rebuilt
2025-04-04T15:22:22.012Z - info: Website regeneration complete! Total build time: 0.017s
2025-04-04T15:22:26.570Z - info: [11:22:26 PM] Reload for file change: /Users/adityamisra/Desktop/Study/bug_analysis_FE/documentation/userGuide/QuickStart.md
2025-04-04T15:22:27.577Z - info: Rebuilding 1 pages
2025-04-04T15:22:27.684Z - warn: You might have an invalid intra-link! Ignore this warning if it was intended.
'/userGuide/developerGuide/DeveloperGuide.html' found in file '/Users/adityamisra/Desktop/Study/bug_analysis_FE/documentation/userGuide/QuickStart.md'
2025-04-04T15:22:27.686Z - info: Site data built
2025-04-04T15:22:27.686Z - info: Pages rebuilt
2025-04-04T15:22:27.686Z - info: Website regeneration complete! Total build time: 0.111s
2025-04-04T15:23:13.584Z - info: [11:23:13 PM] Reload for file change: /Users/adityamisra/Desktop/Study/bug_analysis_FE/documentation/userGuide/QuickStart.md
2025-04-04T15:23:14.675Z - info: Rebuilding 1 pages
2025-04-04T15:23:14.765Z - warn: You might have an invalid intra-link! Ignore this warning if it was intended.
'/userGuide/developerGuide/DeveloperGuide.html' found in file '/Users/adityamisra/Desktop/Study/bug_analysis_FE/documentation/userGuide/QuickStart.md'
2025-04-04T15:23:14.767Z - info: Site data built
2025-04-04T15:23:14.767Z - info: Pages rebuilt
2025-04-04T15:23:14.768Z - info: Website regeneration complete! Total build time: 0.106s
2025-04-04T15:23:41.469Z - info: [11:23:41 PM] Reload for file change: /Users/adityamisra/Desktop/Study/bug_analysis_FE/documentation/userGuide/QuickStart.md
2025-04-04T15:23:42.471Z - info: Rebuilding 1 pages
2025-04-04T15:23:42.494Z - warn: You might have an invalid intra-link! Ignore this warning if it was intended.
'/userGuide/developerGuide/DeveloperGuide.html' found in file '/Users/adityamisra/Desktop/Study/bug_analysis_FE/documentation/userGuide/QuickStart.md'
2025-04-04T15:23:42.495Z - info: Site data built
2025-04-04T15:23:42.495Z - info: Pages rebuilt
2025-04-04T15:23:42.495Z - info: Website regeneration complete! Total build time: 0.024s
2025-04-04T15:24:07.727Z - info: [11:24:07 PM] Reload for file change: /Users/adityamisra/Desktop/Study/bug_analysis_FE/documentation/userGuide/QuickStart.md
2025-04-04T15:24:08.455Z - info: [11:24:08 PM] Reload for file change: /Users/adityamisra/Desktop/Study/bug_analysis_FE/documentation/userGuide/QuickStart.md
2025-04-04T15:24:08.734Z - info: Rebuilding 1 pages
2025-04-04T15:24:08.760Z - warn: You might have an invalid intra-link! Ignore this warning if it was intended.
'/userGuide/developerGuide/DeveloperGuide.html' found in file '/Users/adityamisra/Desktop/Study/bug_analysis_FE/documentation/userGuide/QuickStart.md'
2025-04-04T15:24:08.760Z - info: Site data built
2025-04-04T15:24:08.760Z - info: Pages rebuilt
2025-04-04T15:24:08.760Z - info: Website regeneration complete! Total build time: 0.027s
2025-04-04T15:25:12.479Z - info: [11:25:12 PM] Reload for file change: /Users/adityamisra/Desktop/Study/bug_analysis_FE/documentation/userGuide/QuickStart.md
2025-04-04T15:25:13.500Z - info: Rebuilding 1 pages
2025-04-04T15:25:13.531Z - warn: You might have an invalid intra-link! Ignore this warning if it was intended.
'/userGuide/developerGuide/DeveloperGuide.html' found in file '/Users/adityamisra/Desktop/Study/bug_analysis_FE/documentation/userGuide/QuickStart.md'
2025-04-04T15:25:13.531Z - info: Site data built
2025-04-04T15:25:13.532Z - info: Pages rebuilt
2025-04-04T15:25:13.532Z - info: Website regeneration complete! Total build time: 0.045s
2025-04-04T15:25:29.127Z - info: [11:25:29 PM] Reload for file change: /Users/adityamisra/Desktop/Study/bug_analysis_FE/documentation/userGuide/QuickStart.md
2025-04-04T15:25:30.153Z - info: Rebuilding 1 pages
2025-04-04T15:25:30.195Z - warn: You might have an invalid intra-link! Ignore this warning if it was intended.
'/userGuide/developerGuide/DeveloperGuide.html' found in file '/Users/adityamisra/Desktop/Study/bug_analysis_FE/documentation/userGuide/QuickStart.md'
2025-04-04T15:25:30.196Z - info: Site data built
2025-04-04T15:25:30.196Z - info: Pages rebuilt
2025-04-04T15:25:30.196Z - info: Website regeneration complete! Total build time: 0.059s
2025-04-04T15:27:00.907Z - info: [11:27:00 PM] Reload for file change: /Users/adityamisra/Desktop/Study/bug_analysis_FE/documentation/userGuide/QuickStart.md
2025-04-04T15:27:01.925Z - info: Rebuilding 1 pages
2025-04-04T15:27:01.972Z - warn: You might have an invalid intra-link! Ignore this warning if it was intended.
'/userGuide/developerGuide/DeveloperGuide.html' found in file '/Users/adityamisra/Desktop/Study/bug_analysis_FE/documentation/userGuide/QuickStart.md'
2025-04-04T15:27:01.973Z - info: Site data built
2025-04-04T15:27:01.973Z - info: Pages rebuilt
2025-04-04T15:27:01.973Z - info: Website regeneration complete! Total build time: 0.058s
2025-04-04T15:27:04.341Z - info: [11:27:04 PM] Reload for file change: /Users/adityamisra/Desktop/Study/bug_analysis_FE/documentation/userGuide/QuickStart.md
2025-04-04T15:27:05.345Z - info: Rebuilding 1 pages
2025-04-04T15:27:05.372Z - warn: You might have an invalid intra-link! Ignore this warning if it was intended.
'/userGuide/developerGuide/DeveloperGuide.html' found in file '/Users/adityamisra/Desktop/Study/bug_analysis_FE/documentation/userGuide/QuickStart.md'
2025-04-04T15:27:05.373Z - info: Site data built
2025-04-04T15:27:05.373Z - info: Pages rebuilt
2025-04-04T15:27:05.373Z - info: Website regeneration complete! Total build time: 0.03s
2025-04-04T15:27:27.951Z - info: [11:27:27 PM] Reload for file change: /Users/adityamisra/Desktop/Study/bug_analysis_FE/documentation/userGuide/QuickStart.md
2025-04-04T15:27:28.954Z - info: Rebuilding 1 pages
2025-04-04T15:27:28.967Z - info: Site data built
2025-04-04T15:27:28.967Z - info: Pages rebuilt
2025-04-04T15:27:28.967Z - info: Website regeneration complete! Total build time: 0.014s
2025-04-04T15:28:01.600Z - info: [11:28:01 PM] Reload for file change: /Users/adityamisra/Desktop/Study/bug_analysis_FE/documentation/userGuide/QuickStart.md
2025-04-04T15:28:02.629Z - info: Rebuilding 1 pages
2025-04-04T15:28:02.687Z - warn: You might have an invalid intra-link! Ignore this warning if it was intended.
'/userGuide/features.html' found in file '/Users/adityamisra/Desktop/Study/bug_analysis_FE/documentation/userGuide/QuickStart.md'
2025-04-04T15:28:02.689Z - info: Site data built
2025-04-04T15:28:02.689Z - info: Pages rebuilt
2025-04-04T15:28:02.689Z - info: Website regeneration complete! Total build time: 0.079s
