2025-04-05T09:23:23.977Z - info: Website generation started at 5:23:23 PM
2025-04-05T09:23:23.989Z - info: Building assets...
2025-04-05T09:23:23.995Z - info: Assets built
2025-04-05T09:23:23.996Z - info: Generating pages...
2025-04-05T09:23:24.127Z - warn: You might have an invalid intra-link! Ignore this warning if it was intended.
'/userGuide/features.html' found in file '/Users/adityamisra/Desktop/Study/bug_analysis_FE/documentation/userGuide/QuickStart.md'
2025-04-05T09:23:24.127Z - info: Pages built
2025-04-05T09:23:24.220Z - info: Site data built
2025-04-05T09:23:24.220Z - info: Website generation complete! Total build time: 0.307s
2025-04-05T09:23:24.228Z - info: Serving "/Users/adityamisra/Desktop/Study/bug_analysis_FE/documentation/_site" at http://127.0.0.1:8080
2025-04-05T09:23:24.228Z - info: Press CTRL+C to stop ...
2025-04-05T09:23:55.363Z - info: [5:23:55 PM] Reload for file change: /Users/adityamisra/Desktop/Study/bug_analysis_FE/documentation/userGuide/Features.md
2025-04-05T09:23:56.371Z - info: Rebuilding 1 pages
2025-04-05T09:23:56.411Z - info: Site data built
2025-04-05T09:23:56.412Z - info: Pages rebuilt
2025-04-05T09:23:56.412Z - info: Website regeneration complete! Total build time: 0.043s
2025-04-05T09:24:00.857Z - info: [5:24:00 PM] Reload for file change: /Users/adityamisra/Desktop/Study/bug_analysis_FE/documentation/userGuide/Features.md
2025-04-05T09:24:01.860Z - info: Rebuilding 1 pages
2025-04-05T09:24:01.886Z - info: Site data built
2025-04-05T09:24:01.886Z - info: Pages rebuilt
2025-04-05T09:24:01.886Z - info: Website regeneration complete! Total build time: 0.027s
2025-04-05T09:25:41.039Z - info: [5:25:41 PM] Reload for file change: /Users/adityamisra/Desktop/Study/bug_analysis_FE/documentation/userGuide/Features.md
2025-04-05T09:25:42.041Z - info: Rebuilding 1 pages
2025-04-05T09:25:42.062Z - info: Site data built
2025-04-05T09:25:42.062Z - info: Pages rebuilt
2025-04-05T09:25:42.063Z - info: Website regeneration complete! Total build time: 0.023s
2025-04-05T09:25:55.324Z - info: [5:25:55 PM] Reload for file change: /Users/adityamisra/Desktop/Study/bug_analysis_FE/documentation/userGuide/Features.md
2025-04-05T09:25:56.328Z - info: Rebuilding 1 pages
2025-04-05T09:25:56.355Z - info: Site data built
2025-04-05T09:25:56.355Z - info: Pages rebuilt
2025-04-05T09:25:56.356Z - info: Website regeneration complete! Total build time: 0.028s
2025-04-05T09:26:03.508Z - info: [5:26:03 PM] Reload for file change: /Users/adityamisra/Desktop/Study/bug_analysis_FE/documentation/userGuide/Features.md
2025-04-05T09:26:04.512Z - info: Rebuilding 1 pages
2025-04-05T09:26:04.534Z - info: Site data built
2025-04-05T09:26:04.534Z - info: Pages rebuilt
2025-04-05T09:26:04.534Z - info: Website regeneration complete! Total build time: 0.024s
2025-04-05T09:26:11.523Z - info: [5:26:11 PM] Reload for file change: /Users/adityamisra/Desktop/Study/bug_analysis_FE/documentation/userGuide/Features.md
2025-04-05T09:26:12.527Z - info: Rebuilding 1 pages
2025-04-05T09:26:12.552Z - info: Site data built
2025-04-05T09:26:12.552Z - info: Pages rebuilt
2025-04-05T09:26:12.552Z - info: Website regeneration complete! Total build time: 0.026s
2025-04-05T09:26:25.614Z - info: [5:26:25 PM] Reload for file change: /Users/adityamisra/Desktop/Study/bug_analysis_FE/documentation/userGuide/Features.md
2025-04-05T09:26:26.617Z - info: Rebuilding 1 pages
2025-04-05T09:26:26.643Z - info: Site data built
2025-04-05T09:26:26.643Z - info: Pages rebuilt
2025-04-05T09:26:26.643Z - info: Website regeneration complete! Total build time: 0.027s
2025-04-05T09:29:49.094Z - info: [5:29:49 PM] Reload for file change: /Users/adityamisra/Desktop/Study/bug_analysis_FE/documentation/userGuide/Features.md
2025-04-05T09:29:50.099Z - info: Rebuilding 1 pages
2025-04-05T09:29:50.134Z - info: Site data built
2025-04-05T09:29:50.134Z - info: Pages rebuilt
2025-04-05T09:29:50.134Z - info: Website regeneration complete! Total build time: 0.036s
2025-04-05T09:30:45.145Z - info: [5:30:45 PM] Reload for file change: /Users/adityamisra/Desktop/Study/bug_analysis_FE/documentation/userGuide/Features.md
2025-04-05T09:30:46.151Z - info: Rebuilding 1 pages
2025-04-05T09:30:46.185Z - info: Site data built
2025-04-05T09:30:46.185Z - info: Pages rebuilt
2025-04-05T09:30:46.185Z - info: Website regeneration complete! Total build time: 0.036s
2025-04-05T09:31:12.322Z - info: [5:31:12 PM] Reload for file change: /Users/adityamisra/Desktop/Study/bug_analysis_FE/documentation/userGuide/Features.md
2025-04-05T09:31:13.326Z - info: Rebuilding 1 pages
2025-04-05T09:31:13.356Z - info: Site data built
2025-04-05T09:31:13.356Z - info: Pages rebuilt
2025-04-05T09:31:13.356Z - info: Website regeneration complete! Total build time: 0.031s
2025-04-05T09:31:23.009Z - info: [5:31:23 PM] Reload for file change: /Users/adityamisra/Desktop/Study/bug_analysis_FE/documentation/userGuide/Features.md
2025-04-05T09:31:24.012Z - info: Rebuilding 1 pages
2025-04-05T09:31:24.039Z - info: Site data built
2025-04-05T09:31:24.039Z - info: Pages rebuilt
2025-04-05T09:31:24.039Z - info: Website regeneration complete! Total build time: 0.028s
2025-04-05T09:31:28.780Z - info: [5:31:28 PM] Reload for file change: /Users/adityamisra/Desktop/Study/bug_analysis_FE/documentation/userGuide/Features.md
2025-04-05T09:31:29.783Z - info: Rebuilding 1 pages
2025-04-05T09:31:29.802Z - info: Site data built
2025-04-05T09:31:29.802Z - info: Pages rebuilt
2025-04-05T09:31:29.802Z - info: Website regeneration complete! Total build time: 0.02s
2025-04-05T09:32:14.725Z - info: [5:32:14 PM] Reload for file change: /Users/adityamisra/Desktop/Study/bug_analysis_FE/documentation/userGuide/Features.md
2025-04-05T09:32:15.729Z - info: Rebuilding 1 pages
2025-04-05T09:32:15.733Z - error:  Template render error: (/Users/adityamisra/Desktop/Study/bug_analysis_FE/documentation/userGuide/Features.md) [Line 29, Column 18]
  expected variable end
    at Object._prettifyError (/usr/local/lib/node_modules/markbind-cli/node_modules/nunjucks/src/lib.js:32:11)
    at Template.render (/usr/local/lib/node_modules/markbind-cli/node_modules/@markbind/core/src/patches/nunjucks/context-overrides-frame.js:358:19)
    at /usr/local/lib/node_modules/markbind-cli/node_modules/@markbind/core/src/patches/nunjucks/context-overrides-frame.js:54:25
    at createTemplate (/usr/local/lib/node_modules/markbind-cli/node_modules/@markbind/core/src/patches/nunjucks/load-event.js:121:7)
    at handle (/usr/local/lib/node_modules/markbind-cli/node_modules/@markbind/core/src/patches/nunjucks/load-event.js:133:9)
    at /usr/local/lib/node_modules/markbind-cli/node_modules/@markbind/core/src/patches/nunjucks/load-event.js:145:7
    at next (/usr/local/lib/node_modules/markbind-cli/node_modules/nunjucks/src/lib.js:258:7)
    at Object.asyncIter (/usr/local/lib/node_modules/markbind-cli/node_modules/nunjucks/src/lib.js:263:3)
    at Environment.getTemplate (/usr/local/lib/node_modules/markbind-cli/node_modules/@markbind/core/src/patches/nunjucks/load-event.js:127:7)
    at Environment.render (/usr/local/lib/node_modules/markbind-cli/node_modules/@markbind/core/src/patches/nunjucks/context-overrides-frame.js:48:8)
    at VariableRenderer.renderFile (/usr/local/lib/node_modules/markbind-cli/node_modules/@markbind/core/src/variables/VariableRenderer.js:73:24)
    at VariableProcessor.renderWithSiteVariables (/usr/local/lib/node_modules/markbind-cli/node_modules/@markbind/core/src/variables/VariableProcessor.js:154:57)
    at Page.<anonymous> (/usr/local/lib/node_modules/markbind-cli/node_modules/@markbind/core/src/Page/index.js:494:45)
    at Generator.next (<anonymous>)
    at /usr/local/lib/node_modules/markbind-cli/node_modules/@markbind/core/src/Page/index.js:31:71
    at new Promise (<anonymous>)
2025-04-05T09:32:15.734Z - warn:  Error: Error while generating /Users/adityamisra/Desktop/Study/bug_analysis_FE/documentation/userGuide/Features.md
    at Site.<anonymous> (/usr/local/lib/node_modules/markbind-cli/node_modules/@markbind/core/src/Site/index.js:971:28)
    at Generator.throw (<anonymous>)
    at rejected (/usr/local/lib/node_modules/markbind-cli/node_modules/@markbind/core/src/Site/index.js:29:65)
2025-04-05T09:33:12.517Z - info: [5:33:12 PM] Reload for file change: /Users/adityamisra/Desktop/Study/bug_analysis_FE/documentation/userGuide/Features.md
2025-04-05T09:33:13.519Z - info: Rebuilding 1 pages
2025-04-05T09:33:13.534Z - info: Site data built
2025-04-05T09:33:13.534Z - info: Pages rebuilt
2025-04-05T09:33:13.534Z - info: Website regeneration complete! Total build time: 0.015s
2025-04-05T09:33:35.860Z - info: [5:33:35 PM] Reload for file change: /Users/adityamisra/Desktop/Study/bug_analysis_FE/documentation/userGuide/Features.md
2025-04-05T09:33:36.865Z - info: Rebuilding 1 pages
2025-04-05T09:33:36.895Z - info: Site data built
2025-04-05T09:33:36.895Z - info: Pages rebuilt
2025-04-05T09:33:36.896Z - info: Website regeneration complete! Total build time: 0.032s
2025-04-05T09:41:27.405Z - info: [5:41:27 PM] Reload for file add: /Users/adityamisra/Desktop/Study/bug_analysis_FE/documentation/images/Screenshot 2025-04-05 at 5.41.20 PM.png
2025-04-05T09:41:28.435Z - info: Assets built
2025-04-05T09:41:34.755Z - info: [5:41:34 PM] Reload for file deletion: /Users/adityamisra/Desktop/Study/bug_analysis_FE/documentation/images/Screenshot 2025-04-05 at 5.41.20 PM.png
2025-04-05T09:41:34.756Z - info: [5:41:34 PM] Reload for file add: /Users/adityamisra/Desktop/Study/bug_analysis_FE/documentation/images/bug_solution.png
2025-04-05T09:41:35.760Z - debug: Assets removed
2025-04-05T09:41:35.762Z - info: Assets built
2025-04-05T09:42:13.973Z - info: [5:42:13 PM] Reload for file change: /Users/adityamisra/Desktop/Study/bug_analysis_FE/documentation/userGuide/Features.md
2025-04-05T09:42:14.992Z - info: Rebuilding 1 pages
2025-04-05T09:42:15.025Z - warn: You might have an invalid intra-link! Ignore this warning if it was intended.
'/userGuide/images/bug_solution.png' found in file '/Users/adityamisra/Desktop/Study/bug_analysis_FE/documentation/userGuide/Features.md'
2025-04-05T09:42:15.026Z - info: Site data built
2025-04-05T09:42:15.026Z - info: Pages rebuilt
2025-04-05T09:42:15.026Z - info: Website regeneration complete! Total build time: 0.049s
2025-04-05T09:42:37.518Z - info: [5:42:37 PM] Reload for file change: /Users/adityamisra/Desktop/Study/bug_analysis_FE/documentation/userGuide/Features.md
2025-04-05T09:42:38.521Z - info: Rebuilding 1 pages
2025-04-05T09:42:38.544Z - info: Site data built
2025-04-05T09:42:38.544Z - info: Pages rebuilt
2025-04-05T09:42:38.544Z - info: Website regeneration complete! Total build time: 0.024s
2025-04-05T09:43:03.154Z - info: [5:43:03 PM] Reload for file change: /Users/adityamisra/Desktop/Study/bug_analysis_FE/documentation/userGuide/Features.md
2025-04-05T09:43:04.158Z - info: Rebuilding 1 pages
2025-04-05T09:43:04.180Z - info: Site data built
2025-04-05T09:43:04.180Z - info: Pages rebuilt
2025-04-05T09:43:04.180Z - info: Website regeneration complete! Total build time: 0.024s
